2026-05-12 04:00:05,660 - INFO - Starting Ingestion Engine: Caché -> BigQuery RAW
2026-05-12 04:00:05,865 - INFO -  >>> STARTING JOB: dw_fat.Cliente (Attempt 1/3)
/root/portfolio-ae/ingestion/ingestao_cache.py:99: UserWarning: pandas only supports SQLAlchemy connectable (engine/connection) or database string URI or sqlite3 DBAPI2 connection. Other DBAPI2 objects are not tested. Please consider using SQLAlchemy.
  df_iter = pd.read_sql(query, cache_conn, chunksize=chunk_size)
2026-05-12 04:00:17,962 - INFO -    Batch of 20000 rows sent to clientes (WRITE_TRUNCATE)
2026-05-12 04:00:24,390 - INFO -    Batch of 20000 rows sent to clientes (WRITE_APPEND)
2026-05-12 04:00:31,787 - INFO -    Batch of 20000 rows sent to clientes (WRITE_APPEND)
2026-05-12 04:00:39,508 - INFO -    Batch of 20000 rows sent to clientes (WRITE_APPEND)
2026-05-12 04:00:44,114 - INFO -    Batch of 8515 rows sent to clientes (WRITE_APPEND)
2026-05-12 04:00:44,119 - INFO -  SUCCESS: clientes successfully completed.
2026-05-12 04:00:44,120 - INFO -  >>> STARTING JOB: dw_cad.Produto (Attempt 1/3)
/root/portfolio-ae/ingestion/ingestao_cache.py:99: UserWarning: pandas only supports SQLAlchemy connectable (engine/connection) or database string URI or sqlite3 DBAPI2 connection. Other DBAPI2 objects are not tested. Please consider using SQLAlchemy.
  df_iter = pd.read_sql(query, cache_conn, chunksize=chunk_size)
2026-05-12 04:00:58,893 - INFO -    Batch of 20000 rows sent to produtos (WRITE_TRUNCATE)
2026-05-12 04:01:09,198 - INFO -    Batch of 20000 rows sent to produtos (WRITE_APPEND)
2026-05-12 04:01:19,465 - INFO -    Batch of 20000 rows sent to produtos (WRITE_APPEND)
2026-05-12 04:01:29,313 - INFO -    Batch of 20000 rows sent to produtos (WRITE_APPEND)
2026-05-12 04:01:37,275 - INFO -    Batch of 20000 rows sent to produtos (WRITE_APPEND)
2026-05-12 04:01:45,412 - INFO -    Batch of 20000 rows sent to produtos (WRITE_APPEND)
2026-05-12 04:01:52,867 - INFO -    Batch of 20000 rows sent to produtos (WRITE_APPEND)
2026-05-12 04:02:01,613 - INFO -    Batch of 20000 rows sent to produtos (WRITE_APPEND)
2026-05-12 04:02:10,789 - INFO -    Batch of 20000 rows sent to produtos (WRITE_APPEND)
2026-05-12 04:02:19,395 - INFO -    Batch of 20000 rows sent to produtos (WRITE_APPEND)
2026-05-12 04:02:27,179 - INFO -    Batch of 20000 rows sent to produtos (WRITE_APPEND)
2026-05-12 04:02:34,844 - INFO -    Batch of 20000 rows sent to produtos (WRITE_APPEND)
2026-05-12 04:02:45,807 - INFO -    Batch of 20000 rows sent to produtos (WRITE_APPEND)
2026-05-12 04:02:57,204 - INFO -    Batch of 20000 rows sent to produtos (WRITE_APPEND)
2026-05-12 04:03:06,500 - INFO -    Batch of 20000 rows sent to produtos (WRITE_APPEND)
2026-05-12 04:03:16,147 - INFO -    Batch of 20000 rows sent to produtos (WRITE_APPEND)
2026-05-12 04:03:24,194 - INFO -    Batch of 20000 rows sent to produtos (WRITE_APPEND)
2026-05-12 04:03:33,096 - INFO -    Batch of 20000 rows sent to produtos (WRITE_APPEND)
2026-05-12 04:03:42,034 - INFO -    Batch of 20000 rows sent to produtos (WRITE_APPEND)
2026-05-12 04:03:49,881 - INFO -    Batch of 20000 rows sent to produtos (WRITE_APPEND)
2026-05-12 04:03:57,648 - INFO -    Batch of 20000 rows sent to produtos (WRITE_APPEND)
2026-05-12 04:04:06,102 - INFO -    Batch of 20000 rows sent to produtos (WRITE_APPEND)
2026-05-12 04:04:14,713 - INFO -    Batch of 20000 rows sent to produtos (WRITE_APPEND)
2026-05-12 04:04:22,741 - INFO -    Batch of 20000 rows sent to produtos (WRITE_APPEND)
2026-05-12 04:04:31,440 - INFO -    Batch of 20000 rows sent to produtos (WRITE_APPEND)
2026-05-12 04:04:39,275 - INFO -    Batch of 20000 rows sent to produtos (WRITE_APPEND)
2026-05-12 04:04:47,255 - INFO -    Batch of 20000 rows sent to produtos (WRITE_APPEND)
2026-05-12 04:04:57,669 - INFO -    Batch of 20000 rows sent to produtos (WRITE_APPEND)
2026-05-12 04:05:09,493 - INFO -    Batch of 20000 rows sent to produtos (WRITE_APPEND)
2026-05-12 04:05:17,570 - INFO -    Batch of 20000 rows sent to produtos (WRITE_APPEND)
2026-05-12 04:05:25,773 - INFO -    Batch of 20000 rows sent to produtos (WRITE_APPEND)
2026-05-12 04:05:34,073 - INFO -    Batch of 20000 rows sent to produtos (WRITE_APPEND)
2026-05-12 04:05:43,023 - INFO -    Batch of 20000 rows sent to produtos (WRITE_APPEND)
2026-05-12 04:06:02,240 - INFO -    Batch of 20000 rows sent to produtos (WRITE_APPEND)
2026-05-12 04:06:10,859 - INFO -    Batch of 20000 rows sent to produtos (WRITE_APPEND)
2026-05-12 04:06:20,289 - INFO -    Batch of 20000 rows sent to produtos (WRITE_APPEND)
2026-05-12 04:06:28,614 - INFO -    Batch of 20000 rows sent to produtos (WRITE_APPEND)
2026-05-12 04:06:38,486 - INFO -    Batch of 20000 rows sent to produtos (WRITE_APPEND)
2026-05-12 04:06:46,383 - INFO -    Batch of 20000 rows sent to produtos (WRITE_APPEND)
2026-05-12 04:06:56,172 - INFO -    Batch of 20000 rows sent to produtos (WRITE_APPEND)
2026-05-12 04:07:04,762 - INFO -    Batch of 20000 rows sent to produtos (WRITE_APPEND)
2026-05-12 04:07:15,284 - INFO -    Batch of 20000 rows sent to produtos (WRITE_APPEND)
2026-05-12 04:07:24,191 - INFO -    Batch of 20000 rows sent to produtos (WRITE_APPEND)
2026-05-12 04:07:33,465 - INFO -    Batch of 20000 rows sent to produtos (WRITE_APPEND)
2026-05-12 04:07:43,723 - INFO -    Batch of 20000 rows sent to produtos (WRITE_APPEND)
2026-05-12 04:07:51,417 - INFO -    Batch of 20000 rows sent to produtos (WRITE_APPEND)
2026-05-12 04:07:58,975 - INFO -    Batch of 20000 rows sent to produtos (WRITE_APPEND)
2026-05-12 04:08:10,833 - INFO -    Batch of 20000 rows sent to produtos (WRITE_APPEND)
2026-05-12 04:08:19,243 - INFO -    Batch of 20000 rows sent to produtos (WRITE_APPEND)
2026-05-12 04:08:26,942 - INFO -    Batch of 20000 rows sent to produtos (WRITE_APPEND)
2026-05-12 04:08:35,980 - INFO -    Batch of 20000 rows sent to produtos (WRITE_APPEND)
2026-05-12 04:08:44,848 - INFO -    Batch of 20000 rows sent to produtos (WRITE_APPEND)
2026-05-12 04:08:52,836 - INFO -    Batch of 20000 rows sent to produtos (WRITE_APPEND)
2026-05-12 04:09:02,725 - INFO -    Batch of 20000 rows sent to produtos (WRITE_APPEND)
2026-05-12 04:09:10,808 - INFO -    Batch of 20000 rows sent to produtos (WRITE_APPEND)
2026-05-12 04:09:18,058 - INFO -    Batch of 20000 rows sent to produtos (WRITE_APPEND)
2026-05-12 04:09:25,492 - INFO -    Batch of 20000 rows sent to produtos (WRITE_APPEND)
2026-05-12 04:09:34,241 - INFO -    Batch of 20000 rows sent to produtos (WRITE_APPEND)
2026-05-12 04:09:43,156 - INFO -    Batch of 20000 rows sent to produtos (WRITE_APPEND)
2026-05-12 04:09:50,823 - INFO -    Batch of 20000 rows sent to produtos (WRITE_APPEND)
2026-05-12 04:09:58,439 - INFO -    Batch of 20000 rows sent to produtos (WRITE_APPEND)
2026-05-12 04:10:09,331 - INFO -    Batch of 20000 rows sent to produtos (WRITE_APPEND)
2026-05-12 04:10:20,287 - INFO -    Batch of 20000 rows sent to produtos (WRITE_APPEND)
2026-05-12 04:10:31,995 - INFO -    Batch of 20000 rows sent to produtos (WRITE_APPEND)
2026-05-12 04:10:39,725 - INFO -    Batch of 20000 rows sent to produtos (WRITE_APPEND)
2026-05-12 04:10:47,113 - INFO -    Batch of 20000 rows sent to produtos (WRITE_APPEND)
2026-05-12 04:10:55,140 - INFO -    Batch of 20000 rows sent to produtos (WRITE_APPEND)
2026-05-12 04:11:04,087 - INFO -    Batch of 20000 rows sent to produtos (WRITE_APPEND)
2026-05-12 04:11:12,125 - INFO -    Batch of 20000 rows sent to produtos (WRITE_APPEND)
2026-05-12 04:11:20,282 - INFO -    Batch of 20000 rows sent to produtos (WRITE_APPEND)
2026-05-12 04:11:28,502 - INFO -    Batch of 20000 rows sent to produtos (WRITE_APPEND)
2026-05-12 04:11:36,850 - INFO -    Batch of 20000 rows sent to produtos (WRITE_APPEND)
2026-05-12 04:11:45,132 - INFO -    Batch of 20000 rows sent to produtos (WRITE_APPEND)
2026-05-12 04:11:54,846 - INFO -    Batch of 20000 rows sent to produtos (WRITE_APPEND)
2026-05-12 04:12:03,258 - INFO -    Batch of 20000 rows sent to produtos (WRITE_APPEND)
2026-05-12 04:12:12,033 - INFO -    Batch of 20000 rows sent to produtos (WRITE_APPEND)
2026-05-12 04:12:20,761 - INFO -    Batch of 20000 rows sent to produtos (WRITE_APPEND)
2026-05-12 04:12:29,292 - INFO -    Batch of 20000 rows sent to produtos (WRITE_APPEND)
2026-05-12 04:12:38,549 - INFO -    Batch of 20000 rows sent to produtos (WRITE_APPEND)
2026-05-12 04:12:47,432 - INFO -    Batch of 20000 rows sent to produtos (WRITE_APPEND)
2026-05-12 04:12:56,382 - INFO -    Batch of 20000 rows sent to produtos (WRITE_APPEND)
2026-05-12 04:13:06,059 - INFO -    Batch of 20000 rows sent to produtos (WRITE_APPEND)
2026-05-12 04:13:15,256 - INFO -    Batch of 20000 rows sent to produtos (WRITE_APPEND)
2026-05-12 04:13:24,118 - INFO -    Batch of 20000 rows sent to produtos (WRITE_APPEND)
2026-05-12 04:13:32,448 - INFO -    Batch of 20000 rows sent to produtos (WRITE_APPEND)
2026-05-12 04:13:40,835 - INFO -    Batch of 20000 rows sent to produtos (WRITE_APPEND)
2026-05-12 04:13:48,955 - INFO -    Batch of 20000 rows sent to produtos (WRITE_APPEND)
2026-05-12 04:13:55,318 - INFO -    Batch of 11281 rows sent to produtos (WRITE_APPEND)
2026-05-12 04:13:55,328 - INFO -  SUCCESS: produtos successfully completed.
2026-05-12 04:13:55,328 - INFO -  >>> STARTING JOB: dw_fat.Representante (Attempt 1/3)
/root/portfolio-ae/ingestion/ingestao_cache.py:99: UserWarning: pandas only supports SQLAlchemy connectable (engine/connection) or database string URI or sqlite3 DBAPI2 connection. Other DBAPI2 objects are not tested. Please consider using SQLAlchemy.
  df_iter = pd.read_sql(query, cache_conn, chunksize=chunk_size)
2026-05-12 04:13:59,403 - INFO -    Batch of 1872 rows sent to representantes (WRITE_TRUNCATE)
2026-05-12 04:13:59,404 - INFO -  SUCCESS: representantes successfully completed.
2026-05-12 04:13:59,404 - INFO -  >>> STARTING JOB: dw_ped.Pedido (Attempt 1/3)
/root/portfolio-ae/ingestion/ingestao_cache.py:99: UserWarning: pandas only supports SQLAlchemy connectable (engine/connection) or database string URI or sqlite3 DBAPI2 connection. Other DBAPI2 objects are not tested. Please consider using SQLAlchemy.
  df_iter = pd.read_sql(query, cache_conn, chunksize=chunk_size)
2026-05-12 04:14:08,518 - INFO -    Batch of 20000 rows sent to pedidos (WRITE_TRUNCATE)
2026-05-12 04:14:14,636 - INFO -    Batch of 20000 rows sent to pedidos (WRITE_APPEND)
2026-05-12 04:14:20,723 - INFO -    Batch of 20000 rows sent to pedidos (WRITE_APPEND)
2026-05-12 04:14:26,043 - INFO -    Batch of 14789 rows sent to pedidos (WRITE_APPEND)
2026-05-12 04:14:26,061 - INFO -  SUCCESS: pedidos successfully completed.
2026-05-12 04:14:26,061 - INFO -  >>> STARTING JOB: dw_cre.ContasReceber (Attempt 1/3)
/root/portfolio-ae/ingestion/ingestao_cache.py:99: UserWarning: pandas only supports SQLAlchemy connectable (engine/connection) or database string URI or sqlite3 DBAPI2 connection. Other DBAPI2 objects are not tested. Please consider using SQLAlchemy.
  df_iter = pd.read_sql(query, cache_conn, chunksize=chunk_size)
2026-05-12 04:14:31,470 - INFO -    Batch of 10000 rows sent to contas_receber (WRITE_TRUNCATE)
2026-05-12 04:14:35,989 - INFO -    Batch of 10000 rows sent to contas_receber (WRITE_APPEND)
2026-05-12 04:14:41,402 - INFO -    Batch of 10000 rows sent to contas_receber (WRITE_APPEND)
2026-05-12 04:14:46,068 - INFO -    Batch of 10000 rows sent to contas_receber (WRITE_APPEND)
2026-05-12 04:14:51,295 - INFO -    Batch of 10000 rows sent to contas_receber (WRITE_APPEND)
2026-05-12 04:14:57,041 - INFO -    Batch of 10000 rows sent to contas_receber (WRITE_APPEND)
2026-05-12 04:15:01,656 - INFO -    Batch of 10000 rows sent to contas_receber (WRITE_APPEND)
2026-05-12 04:15:07,349 - INFO -    Batch of 10000 rows sent to contas_receber (WRITE_APPEND)
2026-05-12 04:15:11,904 - INFO -    Batch of 10000 rows sent to contas_receber (WRITE_APPEND)
2026-05-12 04:15:16,441 - INFO -    Batch of 10000 rows sent to contas_receber (WRITE_APPEND)
2026-05-12 04:15:21,518 - INFO -    Batch of 10000 rows sent to contas_receber (WRITE_APPEND)
2026-05-12 04:15:26,404 - INFO -    Batch of 10000 rows sent to contas_receber (WRITE_APPEND)
2026-05-12 04:15:32,353 - INFO -    Batch of 10000 rows sent to contas_receber (WRITE_APPEND)
2026-05-12 04:15:36,869 - INFO -    Batch of 10000 rows sent to contas_receber (WRITE_APPEND)
2026-05-12 04:15:41,483 - INFO -    Batch of 10000 rows sent to contas_receber (WRITE_APPEND)
2026-05-12 04:15:46,151 - INFO -    Batch of 10000 rows sent to contas_receber (WRITE_APPEND)
2026-05-12 04:15:52,002 - INFO -    Batch of 10000 rows sent to contas_receber (WRITE_APPEND)
2026-05-12 04:15:57,044 - INFO -    Batch of 10000 rows sent to contas_receber (WRITE_APPEND)
2026-05-12 04:16:02,647 - INFO -    Batch of 10000 rows sent to contas_receber (WRITE_APPEND)
2026-05-12 04:16:07,096 - INFO -    Batch of 6446 rows sent to contas_receber (WRITE_APPEND)
2026-05-12 04:16:07,108 - INFO -  SUCCESS: contas_receber successfully completed.
2026-05-12 04:16:07,108 - INFO -  >>> STARTING JOB: dw_est.EstoqueProduto (Attempt 1/3)
/root/portfolio-ae/ingestion/ingestao_cache.py:99: UserWarning: pandas only supports SQLAlchemy connectable (engine/connection) or database string URI or sqlite3 DBAPI2 connection. Other DBAPI2 objects are not tested. Please consider using SQLAlchemy.
  df_iter = pd.read_sql(query, cache_conn, chunksize=chunk_size)
2026-05-12 04:16:09,821 - INFO -    Batch of 10000 rows sent to estoque_produto (WRITE_TRUNCATE)
2026-05-12 04:16:12,424 - INFO -    Batch of 10000 rows sent to estoque_produto (WRITE_APPEND)
2026-05-12 04:16:15,885 - INFO -    Batch of 10000 rows sent to estoque_produto (WRITE_APPEND)
2026-05-12 04:16:18,636 - INFO -    Batch of 10000 rows sent to estoque_produto (WRITE_APPEND)
2026-05-12 04:16:21,399 - INFO -    Batch of 10000 rows sent to estoque_produto (WRITE_APPEND)
2026-05-12 04:16:24,541 - INFO -    Batch of 10000 rows sent to estoque_produto (WRITE_APPEND)
2026-05-12 04:16:27,522 - INFO -    Batch of 10000 rows sent to estoque_produto (WRITE_APPEND)
2026-05-12 04:16:29,960 - INFO -    Batch of 10000 rows sent to estoque_produto (WRITE_APPEND)
2026-05-12 04:16:33,251 - INFO -    Batch of 10000 rows sent to estoque_produto (WRITE_APPEND)
2026-05-12 04:16:35,935 - INFO -    Batch of 10000 rows sent to estoque_produto (WRITE_APPEND)
2026-05-12 04:16:39,876 - INFO -    Batch of 10000 rows sent to estoque_produto (WRITE_APPEND)
2026-05-12 04:16:45,046 - INFO -    Batch of 10000 rows sent to estoque_produto (WRITE_APPEND)
2026-05-12 04:16:48,319 - INFO -    Batch of 10000 rows sent to estoque_produto (WRITE_APPEND)
2026-05-12 04:16:52,700 - INFO -    Batch of 10000 rows sent to estoque_produto (WRITE_APPEND)
2026-05-12 04:16:55,705 - INFO -    Batch of 10000 rows sent to estoque_produto (WRITE_APPEND)
2026-05-12 04:16:58,943 - INFO -    Batch of 10000 rows sent to estoque_produto (WRITE_APPEND)
2026-05-12 04:17:02,004 - INFO -    Batch of 10000 rows sent to estoque_produto (WRITE_APPEND)
2026-05-12 04:17:05,700 - INFO -    Batch of 10000 rows sent to estoque_produto (WRITE_APPEND)
2026-05-12 04:17:08,898 - INFO -    Batch of 10000 rows sent to estoque_produto (WRITE_APPEND)
2026-05-12 04:17:12,225 - INFO -    Batch of 10000 rows sent to estoque_produto (WRITE_APPEND)
2026-05-12 04:17:17,334 - INFO -    Batch of 10000 rows sent to estoque_produto (WRITE_APPEND)
2026-05-12 04:17:20,358 - INFO -    Batch of 10000 rows sent to estoque_produto (WRITE_APPEND)
2026-05-12 04:17:23,071 - INFO -    Batch of 10000 rows sent to estoque_produto (WRITE_APPEND)
2026-05-12 04:17:25,556 - INFO -    Batch of 7742 rows sent to estoque_produto (WRITE_APPEND)
2026-05-12 04:17:25,558 - INFO -  SUCCESS: estoque_produto successfully completed.
2026-05-12 04:17:25,559 - INFO -  GENERAL PROCESS COMPLETED. Duration: 17.33 min.
2026-05-13 04:00:05,997 - INFO - Starting Ingestion Engine: Caché -> BigQuery RAW
2026-05-13 04:00:06,112 - INFO -  >>> STARTING JOB: dw_fat.Cliente (Attempt 1/3)
/root/portfolio-ae/ingestion/ingestao_cache.py:99: UserWarning: pandas only supports SQLAlchemy connectable (engine/connection) or database string URI or sqlite3 DBAPI2 connection. Other DBAPI2 objects are not tested. Please consider using SQLAlchemy.
  df_iter = pd.read_sql(query, cache_conn, chunksize=chunk_size)
2026-05-13 04:00:21,975 - INFO -    Batch of 20000 rows sent to clientes (WRITE_TRUNCATE)
2026-05-13 04:00:28,732 - INFO -    Batch of 20000 rows sent to clientes (WRITE_APPEND)
2026-05-13 04:00:37,424 - INFO -    Batch of 20000 rows sent to clientes (WRITE_APPEND)
2026-05-13 04:00:46,020 - INFO -    Batch of 20000 rows sent to clientes (WRITE_APPEND)
2026-05-13 04:00:51,111 - INFO -    Batch of 8526 rows sent to clientes (WRITE_APPEND)
2026-05-13 04:00:51,117 - INFO -  SUCCESS: clientes successfully completed.
2026-05-13 04:00:51,118 - INFO -  >>> STARTING JOB: dw_cad.Produto (Attempt 1/3)
/root/portfolio-ae/ingestion/ingestao_cache.py:99: UserWarning: pandas only supports SQLAlchemy connectable (engine/connection) or database string URI or sqlite3 DBAPI2 connection. Other DBAPI2 objects are not tested. Please consider using SQLAlchemy.
  df_iter = pd.read_sql(query, cache_conn, chunksize=chunk_size)
2026-05-13 04:01:02,651 - INFO -    Batch of 20000 rows sent to produtos (WRITE_TRUNCATE)
2026-05-13 04:01:12,791 - INFO -    Batch of 20000 rows sent to produtos (WRITE_APPEND)
2026-05-13 04:01:22,207 - INFO -    Batch of 20000 rows sent to produtos (WRITE_APPEND)
2026-05-13 04:01:31,535 - INFO -    Batch of 20000 rows sent to produtos (WRITE_APPEND)
2026-05-13 04:01:40,156 - INFO -    Batch of 20000 rows sent to produtos (WRITE_APPEND)
2026-05-13 04:01:47,207 - INFO -    Batch of 20000 rows sent to produtos (WRITE_APPEND)
2026-05-13 04:01:54,057 - INFO -    Batch of 20000 rows sent to produtos (WRITE_APPEND)
2026-05-13 04:02:02,779 - INFO -    Batch of 20000 rows sent to produtos (WRITE_APPEND)
2026-05-13 04:02:13,192 - INFO -    Batch of 20000 rows sent to produtos (WRITE_APPEND)
2026-05-13 04:02:23,847 - INFO -    Batch of 20000 rows sent to produtos (WRITE_APPEND)
2026-05-13 04:02:32,309 - INFO -    Batch of 20000 rows sent to produtos (WRITE_APPEND)
2026-05-13 04:02:41,155 - INFO -    Batch of 20000 rows sent to produtos (WRITE_APPEND)
2026-05-13 04:02:50,147 - INFO -    Batch of 20000 rows sent to produtos (WRITE_APPEND)
2026-05-13 04:03:01,015 - INFO -    Batch of 20000 rows sent to produtos (WRITE_APPEND)
2026-05-13 04:03:12,338 - INFO -    Batch of 20000 rows sent to produtos (WRITE_APPEND)
2026-05-13 04:03:21,356 - INFO -    Batch of 20000 rows sent to produtos (WRITE_APPEND)
2026-05-13 04:03:29,451 - INFO -    Batch of 20000 rows sent to produtos (WRITE_APPEND)
2026-05-13 04:03:37,249 - INFO -    Batch of 20000 rows sent to produtos (WRITE_APPEND)
2026-05-13 04:03:47,278 - INFO -    Batch of 20000 rows sent to produtos (WRITE_APPEND)
2026-05-13 04:03:57,540 - INFO -    Batch of 20000 rows sent to produtos (WRITE_APPEND)
2026-05-13 04:04:07,881 - INFO -    Batch of 20000 rows sent to produtos (WRITE_APPEND)
2026-05-13 04:04:17,356 - INFO -    Batch of 20000 rows sent to produtos (WRITE_APPEND)
2026-05-13 04:04:25,653 - INFO -    Batch of 20000 rows sent to produtos (WRITE_APPEND)
2026-05-13 04:04:34,694 - INFO -    Batch of 20000 rows sent to produtos (WRITE_APPEND)
2026-05-13 04:04:42,571 - INFO -    Batch of 20000 rows sent to produtos (WRITE_APPEND)
2026-05-13 04:04:51,182 - INFO -    Batch of 20000 rows sent to produtos (WRITE_APPEND)
2026-05-13 04:04:59,637 - INFO -    Batch of 20000 rows sent to produtos (WRITE_APPEND)
2026-05-13 04:05:10,619 - INFO -    Batch of 20000 rows sent to produtos (WRITE_APPEND)
2026-05-13 04:05:19,079 - INFO -    Batch of 20000 rows sent to produtos (WRITE_APPEND)
2026-05-13 04:05:27,521 - INFO -    Batch of 20000 rows sent to produtos (WRITE_APPEND)
2026-05-13 04:05:36,208 - INFO -    Batch of 20000 rows sent to produtos (WRITE_APPEND)
2026-05-13 04:05:44,707 - INFO -    Batch of 20000 rows sent to produtos (WRITE_APPEND)
2026-05-13 04:05:53,331 - INFO -    Batch of 20000 rows sent to produtos (WRITE_APPEND)
2026-05-13 04:06:04,011 - INFO -    Batch of 20000 rows sent to produtos (WRITE_APPEND)
2026-05-13 04:06:12,871 - INFO -    Batch of 20000 rows sent to produtos (WRITE_APPEND)
2026-05-13 04:06:22,545 - INFO -    Batch of 20000 rows sent to produtos (WRITE_APPEND)
2026-05-13 04:06:31,663 - INFO -    Batch of 20000 rows sent to produtos (WRITE_APPEND)
2026-05-13 04:06:39,679 - INFO -    Batch of 20000 rows sent to produtos (WRITE_APPEND)
2026-05-13 04:06:48,104 - INFO -    Batch of 20000 rows sent to produtos (WRITE_APPEND)
2026-05-13 04:06:58,161 - INFO -    Batch of 20000 rows sent to produtos (WRITE_APPEND)
2026-05-13 04:07:09,203 - INFO -    Batch of 20000 rows sent to produtos (WRITE_APPEND)
2026-05-13 04:07:18,257 - INFO -    Batch of 20000 rows sent to produtos (WRITE_APPEND)
2026-05-13 04:07:30,443 - INFO -    Batch of 20000 rows sent to produtos (WRITE_APPEND)
2026-05-13 04:07:40,498 - INFO -    Batch of 20000 rows sent to produtos (WRITE_APPEND)
2026-05-13 04:07:49,687 - INFO -    Batch of 20000 rows sent to produtos (WRITE_APPEND)
2026-05-13 04:07:59,039 - INFO -    Batch of 20000 rows sent to produtos (WRITE_APPEND)
2026-05-13 04:08:08,634 - INFO -    Batch of 20000 rows sent to produtos (WRITE_APPEND)
2026-05-13 04:08:17,554 - INFO -    Batch of 20000 rows sent to produtos (WRITE_APPEND)
2026-05-13 04:08:26,738 - INFO -    Batch of 20000 rows sent to produtos (WRITE_APPEND)
2026-05-13 04:08:35,044 - INFO -    Batch of 20000 rows sent to produtos (WRITE_APPEND)
2026-05-13 04:08:42,499 - INFO -    Batch of 20000 rows sent to produtos (WRITE_APPEND)
2026-05-13 04:08:50,995 - INFO -    Batch of 20000 rows sent to produtos (WRITE_APPEND)
2026-05-13 04:08:58,982 - INFO -    Batch of 20000 rows sent to produtos (WRITE_APPEND)
2026-05-13 04:09:10,789 - INFO -    Batch of 20000 rows sent to produtos (WRITE_APPEND)
2026-05-13 04:09:21,429 - INFO -    Batch of 20000 rows sent to produtos (WRITE_APPEND)
2026-05-13 04:09:31,833 - INFO -    Batch of 20000 rows sent to produtos (WRITE_APPEND)
2026-05-13 04:09:40,897 - INFO -    Batch of 20000 rows sent to produtos (WRITE_APPEND)
2026-05-13 04:09:50,292 - INFO -    Batch of 20000 rows sent to produtos (WRITE_APPEND)
2026-05-13 04:10:00,245 - INFO -    Batch of 20000 rows sent to produtos (WRITE_APPEND)
2026-05-13 04:10:10,178 - INFO -    Batch of 20000 rows sent to produtos (WRITE_APPEND)
2026-05-13 04:10:19,443 - INFO -    Batch of 20000 rows sent to produtos (WRITE_APPEND)
2026-05-13 04:10:28,511 - INFO -    Batch of 20000 rows sent to produtos (WRITE_APPEND)
2026-05-13 04:10:38,517 - INFO -    Batch of 20000 rows sent to produtos (WRITE_APPEND)
2026-05-13 04:10:47,266 - INFO -    Batch of 20000 rows sent to produtos (WRITE_APPEND)
2026-05-13 04:10:48,565 - WARNING -  Attempt 1 failed for produtos: 'utf-16-le' codec can't decode bytes in position 102-103: illegal encoding
2026-05-13 04:10:48,565 - INFO -  Waiting 10s to retry...
2026-05-13 04:10:58,581 - INFO -  >>> STARTING JOB: dw_cad.Produto (Attempt 2/3)
/root/portfolio-ae/ingestion/ingestao_cache.py:99: UserWarning: pandas only supports SQLAlchemy connectable (engine/connection) or database string URI or sqlite3 DBAPI2 connection. Other DBAPI2 objects are not tested. Please consider using SQLAlchemy.
  df_iter = pd.read_sql(query, cache_conn, chunksize=chunk_size)
2026-05-13 04:11:02,376 - WARNING -  Attempt 2 failed for produtos: 'utf-16-le' codec can't decode bytes in position 90-91: unexpected end of data
2026-05-13 04:11:02,376 - INFO -  Waiting 10s to retry...
2026-05-13 04:11:12,377 - INFO -  >>> STARTING JOB: dw_cad.Produto (Attempt 3/3)
2026-05-13 04:11:23,265 - INFO -    Batch of 20000 rows sent to produtos (WRITE_TRUNCATE)
2026-05-13 04:11:33,216 - INFO -    Batch of 20000 rows sent to produtos (WRITE_APPEND)
2026-05-13 04:11:42,088 - INFO -    Batch of 20000 rows sent to produtos (WRITE_APPEND)
2026-05-13 04:11:51,551 - INFO -    Batch of 20000 rows sent to produtos (WRITE_APPEND)
2026-05-13 04:12:00,238 - INFO -    Batch of 20000 rows sent to produtos (WRITE_APPEND)
2026-05-13 04:12:08,598 - INFO -    Batch of 20000 rows sent to produtos (WRITE_APPEND)
2026-05-13 04:12:15,782 - INFO -    Batch of 20000 rows sent to produtos (WRITE_APPEND)
2026-05-13 04:12:25,349 - INFO -    Batch of 20000 rows sent to produtos (WRITE_APPEND)
2026-05-13 04:12:33,756 - INFO -    Batch of 20000 rows sent to produtos (WRITE_APPEND)
2026-05-13 04:12:42,092 - INFO -    Batch of 20000 rows sent to produtos (WRITE_APPEND)
2026-05-13 04:12:50,494 - INFO -    Batch of 20000 rows sent to produtos (WRITE_APPEND)
2026-05-13 04:12:58,610 - INFO -    Batch of 20000 rows sent to produtos (WRITE_APPEND)
2026-05-13 04:13:09,001 - INFO -    Batch of 20000 rows sent to produtos (WRITE_APPEND)
2026-05-13 04:13:16,755 - INFO -    Batch of 20000 rows sent to produtos (WRITE_APPEND)
2026-05-13 04:13:19,363 - WARNING -  Attempt 3 failed for produtos: 'utf-16-le' codec can't decode bytes in position 152-153: unexpected end of data
2026-05-13 04:13:19,363 - ERROR -  !!! CRITICAL: Job produtos failed after 3 attempts.
2026-05-13 04:13:19,379 - INFO -  >>> STARTING JOB: dw_fat.Representante (Attempt 1/3)
/root/portfolio-ae/ingestion/ingestao_cache.py:99: UserWarning: pandas only supports SQLAlchemy connectable (engine/connection) or database string URI or sqlite3 DBAPI2 connection. Other DBAPI2 objects are not tested. Please consider using SQLAlchemy.
  df_iter = pd.read_sql(query, cache_conn, chunksize=chunk_size)
2026-05-13 04:13:22,839 - INFO -    Batch of 1872 rows sent to representantes (WRITE_TRUNCATE)
2026-05-13 04:13:22,841 - INFO -  SUCCESS: representantes successfully completed.
2026-05-13 04:13:22,841 - INFO -  >>> STARTING JOB: dw_ped.Pedido (Attempt 1/3)
/root/portfolio-ae/ingestion/ingestao_cache.py:99: UserWarning: pandas only supports SQLAlchemy connectable (engine/connection) or database string URI or sqlite3 DBAPI2 connection. Other DBAPI2 objects are not tested. Please consider using SQLAlchemy.
  df_iter = pd.read_sql(query, cache_conn, chunksize=chunk_size)
2026-05-13 04:13:31,903 - INFO -    Batch of 20000 rows sent to pedidos (WRITE_TRUNCATE)
2026-05-13 04:13:33,461 - WARNING -  Attempt 1 failed for pedidos: 'utf-16-le' codec can't decode bytes in position 450-451: illegal UTF-16 surrogate
2026-05-13 04:13:33,461 - INFO -  Waiting 10s to retry...
2026-05-13 04:13:43,483 - INFO -  >>> STARTING JOB: dw_ped.Pedido (Attempt 2/3)
/root/portfolio-ae/ingestion/ingestao_cache.py:99: UserWarning: pandas only supports SQLAlchemy connectable (engine/connection) or database string URI or sqlite3 DBAPI2 connection. Other DBAPI2 objects are not tested. Please consider using SQLAlchemy.
  df_iter = pd.read_sql(query, cache_conn, chunksize=chunk_size)
2026-05-13 04:13:50,283 - INFO -    Batch of 20000 rows sent to pedidos (WRITE_TRUNCATE)
2026-05-13 04:13:56,329 - INFO -    Batch of 20000 rows sent to pedidos (WRITE_APPEND)
2026-05-13 04:14:03,019 - INFO -    Batch of 20000 rows sent to pedidos (WRITE_APPEND)
2026-05-13 04:14:09,639 - INFO -    Batch of 14816 rows sent to pedidos (WRITE_APPEND)
2026-05-13 04:14:09,648 - INFO -  SUCCESS: pedidos successfully completed.
2026-05-13 04:14:09,648 - INFO -  >>> STARTING JOB: dw_cre.ContasReceber (Attempt 1/3)
/root/portfolio-ae/ingestion/ingestao_cache.py:99: UserWarning: pandas only supports SQLAlchemy connectable (engine/connection) or database string URI or sqlite3 DBAPI2 connection. Other DBAPI2 objects are not tested. Please consider using SQLAlchemy.
  df_iter = pd.read_sql(query, cache_conn, chunksize=chunk_size)
2026-05-13 04:14:10,147 - WARNING -  Attempt 1 failed for contas_receber: 'utf-16-le' codec can't decode bytes in position 98-99: unexpected end of data
2026-05-13 04:14:10,149 - INFO -  Waiting 10s to retry...
2026-05-13 04:14:20,149 - INFO -  >>> STARTING JOB: dw_cre.ContasReceber (Attempt 2/3)
2026-05-13 04:14:20,563 - WARNING -  Attempt 2 failed for contas_receber: 'utf-16-le' codec can't decode bytes in position 98-99: unexpected end of data
2026-05-13 04:14:20,563 - INFO -  Waiting 10s to retry...
2026-05-13 04:14:30,563 - INFO -  >>> STARTING JOB: dw_cre.ContasReceber (Attempt 3/3)
2026-05-13 04:14:31,014 - WARNING -  Attempt 3 failed for contas_receber: 'utf-16-le' codec can't decode bytes in position 98-99: unexpected end of data
2026-05-13 04:14:31,014 - ERROR -  !!! CRITICAL: Job contas_receber failed after 3 attempts.
2026-05-13 04:14:31,015 - INFO -  >>> STARTING JOB: dw_est.EstoqueProduto (Attempt 1/3)
2026-05-13 04:14:34,447 - INFO -    Batch of 10000 rows sent to estoque_produto (WRITE_TRUNCATE)
2026-05-13 04:14:37,883 - INFO -    Batch of 10000 rows sent to estoque_produto (WRITE_APPEND)
2026-05-13 04:14:40,363 - INFO -    Batch of 10000 rows sent to estoque_produto (WRITE_APPEND)
2026-05-13 04:14:43,054 - INFO -    Batch of 10000 rows sent to estoque_produto (WRITE_APPEND)
2026-05-13 04:14:46,562 - INFO -    Batch of 10000 rows sent to estoque_produto (WRITE_APPEND)
2026-05-13 04:14:49,256 - INFO -    Batch of 10000 rows sent to estoque_produto (WRITE_APPEND)
2026-05-13 04:14:52,047 - INFO -    Batch of 10000 rows sent to estoque_produto (WRITE_APPEND)
2026-05-13 04:14:56,540 - INFO -    Batch of 10000 rows sent to estoque_produto (WRITE_APPEND)
2026-05-13 04:14:59,433 - INFO -    Batch of 10000 rows sent to estoque_produto (WRITE_APPEND)
2026-05-13 04:15:02,222 - INFO -    Batch of 10000 rows sent to estoque_produto (WRITE_APPEND)
2026-05-13 04:15:06,710 - INFO -    Batch of 10000 rows sent to estoque_produto (WRITE_APPEND)
2026-05-13 04:15:09,783 - INFO -    Batch of 10000 rows sent to estoque_produto (WRITE_APPEND)
2026-05-13 04:15:12,710 - INFO -    Batch of 10000 rows sent to estoque_produto (WRITE_APPEND)
2026-05-13 04:15:16,207 - INFO -    Batch of 10000 rows sent to estoque_produto (WRITE_APPEND)
2026-05-13 04:15:19,036 - INFO -    Batch of 10000 rows sent to estoque_produto (WRITE_APPEND)
2026-05-13 04:15:22,216 - INFO -    Batch of 10000 rows sent to estoque_produto (WRITE_APPEND)
2026-05-13 04:15:25,644 - INFO -    Batch of 10000 rows sent to estoque_produto (WRITE_APPEND)
2026-05-13 04:15:28,406 - INFO -    Batch of 10000 rows sent to estoque_produto (WRITE_APPEND)
2026-05-13 04:15:30,949 - INFO -    Batch of 10000 rows sent to estoque_produto (WRITE_APPEND)
2026-05-13 04:15:35,095 - INFO -    Batch of 10000 rows sent to estoque_produto (WRITE_APPEND)
2026-05-13 04:15:38,172 - INFO -    Batch of 10000 rows sent to estoque_produto (WRITE_APPEND)
2026-05-13 04:15:41,421 - INFO -    Batch of 10000 rows sent to estoque_produto (WRITE_APPEND)
2026-05-13 04:15:43,903 - INFO -    Batch of 10000 rows sent to estoque_produto (WRITE_APPEND)
2026-05-13 04:15:51,865 - INFO -    Batch of 7927 rows sent to estoque_produto (WRITE_APPEND)
2026-05-13 04:15:51,868 - INFO -  SUCCESS: estoque_produto successfully completed.
2026-05-13 04:15:51,868 - INFO -  GENERAL PROCESS COMPLETED. Duration: 15.76 min.
2026-05-13 04:15:51,868 - ERROR -  Attention: 2 jobs failed completely.
2026-05-14 04:00:06,619 - INFO - Starting Ingestion Engine: Caché -> BigQuery RAW
2026-05-14 04:00:06,760 - INFO -  >>> STARTING JOB: dw_fat.Cliente (Attempt 1/3)
/root/portfolio-ae/ingestion/ingestao_cache.py:99: UserWarning: pandas only supports SQLAlchemy connectable (engine/connection) or database string URI or sqlite3 DBAPI2 connection. Other DBAPI2 objects are not tested. Please consider using SQLAlchemy.
  df_iter = pd.read_sql(query, cache_conn, chunksize=chunk_size)
2026-05-14 04:00:17,684 - INFO -    Batch of 20000 rows sent to clientes (WRITE_TRUNCATE)
2026-05-14 04:00:26,011 - INFO -    Batch of 20000 rows sent to clientes (WRITE_APPEND)
2026-05-14 04:00:34,480 - INFO -    Batch of 20000 rows sent to clientes (WRITE_APPEND)
2026-05-14 04:00:41,292 - INFO -    Batch of 20000 rows sent to clientes (WRITE_APPEND)
2026-05-14 04:00:45,469 - INFO -    Batch of 8527 rows sent to clientes (WRITE_APPEND)
2026-05-14 04:00:45,477 - INFO -  SUCCESS: clientes successfully completed.
2026-05-14 04:00:45,477 - INFO -  >>> STARTING JOB: dw_cad.Produto (Attempt 1/3)
/root/portfolio-ae/ingestion/ingestao_cache.py:99: UserWarning: pandas only supports SQLAlchemy connectable (engine/connection) or database string URI or sqlite3 DBAPI2 connection. Other DBAPI2 objects are not tested. Please consider using SQLAlchemy.
  df_iter = pd.read_sql(query, cache_conn, chunksize=chunk_size)
2026-05-14 04:00:57,880 - INFO -    Batch of 20000 rows sent to produtos (WRITE_TRUNCATE)
2026-05-14 04:01:08,211 - INFO -    Batch of 20000 rows sent to produtos (WRITE_APPEND)
2026-05-14 04:01:17,680 - INFO -    Batch of 20000 rows sent to produtos (WRITE_APPEND)
2026-05-14 04:01:28,775 - INFO -    Batch of 20000 rows sent to produtos (WRITE_APPEND)
2026-05-14 04:01:37,927 - INFO -    Batch of 20000 rows sent to produtos (WRITE_APPEND)
2026-05-14 04:01:45,021 - INFO -    Batch of 20000 rows sent to produtos (WRITE_APPEND)
2026-05-14 04:01:52,773 - INFO -    Batch of 20000 rows sent to produtos (WRITE_APPEND)
2026-05-14 04:02:02,456 - INFO -    Batch of 20000 rows sent to produtos (WRITE_APPEND)
2026-05-14 04:02:12,177 - INFO -    Batch of 20000 rows sent to produtos (WRITE_APPEND)
2026-05-14 04:02:22,009 - INFO -    Batch of 20000 rows sent to produtos (WRITE_APPEND)
2026-05-14 04:02:30,138 - INFO -    Batch of 20000 rows sent to produtos (WRITE_APPEND)
2026-05-14 04:02:38,801 - INFO -    Batch of 20000 rows sent to produtos (WRITE_APPEND)
2026-05-14 04:02:46,923 - INFO -    Batch of 20000 rows sent to produtos (WRITE_APPEND)
2026-05-14 04:02:56,895 - INFO -    Batch of 20000 rows sent to produtos (WRITE_APPEND)
2026-05-14 04:03:05,617 - INFO -    Batch of 20000 rows sent to produtos (WRITE_APPEND)
2026-05-14 04:03:14,068 - INFO -    Batch of 20000 rows sent to produtos (WRITE_APPEND)
2026-05-14 04:03:23,777 - INFO -    Batch of 20000 rows sent to produtos (WRITE_APPEND)
2026-05-14 04:03:33,755 - INFO -    Batch of 20000 rows sent to produtos (WRITE_APPEND)
2026-05-14 04:03:44,163 - INFO -    Batch of 20000 rows sent to produtos (WRITE_APPEND)
2026-05-14 04:03:52,289 - INFO -    Batch of 20000 rows sent to produtos (WRITE_APPEND)
2026-05-14 04:04:01,061 - INFO -    Batch of 20000 rows sent to produtos (WRITE_APPEND)
2026-05-14 04:04:10,423 - INFO -    Batch of 20000 rows sent to produtos (WRITE_APPEND)
2026-05-14 04:04:18,397 - INFO -    Batch of 20000 rows sent to produtos (WRITE_APPEND)
2026-05-14 04:04:28,311 - INFO -    Batch of 20000 rows sent to produtos (WRITE_APPEND)
2026-05-14 04:04:36,773 - INFO -    Batch of 20000 rows sent to produtos (WRITE_APPEND)
2026-05-14 04:04:46,596 - INFO -    Batch of 20000 rows sent to produtos (WRITE_APPEND)
2026-05-14 04:04:54,809 - INFO -    Batch of 20000 rows sent to produtos (WRITE_APPEND)
2026-05-14 04:05:03,369 - INFO -    Batch of 20000 rows sent to produtos (WRITE_APPEND)
2026-05-14 04:05:12,611 - INFO -    Batch of 20000 rows sent to produtos (WRITE_APPEND)
2026-05-14 04:05:22,576 - INFO -    Batch of 20000 rows sent to produtos (WRITE_APPEND)
2026-05-14 04:05:31,372 - INFO -    Batch of 20000 rows sent to produtos (WRITE_APPEND)
2026-05-14 04:05:41,035 - INFO -    Batch of 20000 rows sent to produtos (WRITE_APPEND)
2026-05-14 04:05:50,898 - INFO -    Batch of 20000 rows sent to produtos (WRITE_APPEND)
2026-05-14 04:06:00,093 - INFO -    Batch of 20000 rows sent to produtos (WRITE_APPEND)
2026-05-14 04:06:10,621 - INFO -    Batch of 20000 rows sent to produtos (WRITE_APPEND)
2026-05-14 04:06:19,886 - INFO -    Batch of 20000 rows sent to produtos (WRITE_APPEND)
2026-05-14 04:06:27,908 - INFO -    Batch of 20000 rows sent to produtos (WRITE_APPEND)
2026-05-14 04:06:37,039 - INFO -    Batch of 20000 rows sent to produtos (WRITE_APPEND)
2026-05-14 04:06:53,652 - INFO -    Batch of 20000 rows sent to produtos (WRITE_APPEND)
2026-05-14 04:07:03,692 - INFO -    Batch of 20000 rows sent to produtos (WRITE_APPEND)
2026-05-14 04:07:14,079 - INFO -    Batch of 20000 rows sent to produtos (WRITE_APPEND)
2026-05-14 04:07:22,646 - INFO -    Batch of 20000 rows sent to produtos (WRITE_APPEND)
2026-05-14 04:07:33,067 - INFO -    Batch of 20000 rows sent to produtos (WRITE_APPEND)
2026-05-14 04:07:42,207 - INFO -    Batch of 20000 rows sent to produtos (WRITE_APPEND)
2026-05-14 04:07:51,990 - INFO -    Batch of 20000 rows sent to produtos (WRITE_APPEND)
2026-05-14 04:07:59,852 - INFO -    Batch of 20000 rows sent to produtos (WRITE_APPEND)
2026-05-14 04:08:10,701 - INFO -    Batch of 20000 rows sent to produtos (WRITE_APPEND)
2026-05-14 04:08:18,611 - INFO -    Batch of 20000 rows sent to produtos (WRITE_APPEND)
2026-05-14 04:08:26,532 - INFO -    Batch of 20000 rows sent to produtos (WRITE_APPEND)
2026-05-14 04:08:34,501 - INFO -    Batch of 20000 rows sent to produtos (WRITE_APPEND)
2026-05-14 04:08:43,612 - INFO -    Batch of 20000 rows sent to produtos (WRITE_APPEND)
2026-05-14 04:08:53,640 - INFO -    Batch of 20000 rows sent to produtos (WRITE_APPEND)
2026-05-14 04:09:02,958 - INFO -    Batch of 20000 rows sent to produtos (WRITE_APPEND)
2026-05-14 04:09:11,557 - INFO -    Batch of 20000 rows sent to produtos (WRITE_APPEND)
2026-05-14 04:09:19,483 - INFO -    Batch of 20000 rows sent to produtos (WRITE_APPEND)
2026-05-14 04:09:28,077 - INFO -    Batch of 20000 rows sent to produtos (WRITE_APPEND)
2026-05-14 04:09:36,144 - INFO -    Batch of 20000 rows sent to produtos (WRITE_APPEND)
2026-05-14 04:09:44,191 - INFO -    Batch of 20000 rows sent to produtos (WRITE_APPEND)
2026-05-14 04:09:53,927 - INFO -    Batch of 20000 rows sent to produtos (WRITE_APPEND)
2026-05-14 04:10:02,699 - INFO -    Batch of 20000 rows sent to produtos (WRITE_APPEND)
2026-05-14 04:10:11,756 - INFO -    Batch of 20000 rows sent to produtos (WRITE_APPEND)
2026-05-14 04:10:20,626 - INFO -    Batch of 20000 rows sent to produtos (WRITE_APPEND)
2026-05-14 04:10:29,121 - INFO -    Batch of 20000 rows sent to produtos (WRITE_APPEND)
2026-05-14 04:10:38,055 - INFO -    Batch of 20000 rows sent to produtos (WRITE_APPEND)
2026-05-14 04:10:46,345 - INFO -    Batch of 20000 rows sent to produtos (WRITE_APPEND)
2026-05-14 04:10:54,897 - INFO -    Batch of 20000 rows sent to produtos (WRITE_APPEND)
2026-05-14 04:11:03,817 - INFO -    Batch of 20000 rows sent to produtos (WRITE_APPEND)
2026-05-14 04:11:12,983 - INFO -    Batch of 20000 rows sent to produtos (WRITE_APPEND)
2026-05-14 04:11:21,830 - INFO -    Batch of 20000 rows sent to produtos (WRITE_APPEND)
2026-05-14 04:11:31,773 - INFO -    Batch of 20000 rows sent to produtos (WRITE_APPEND)
2026-05-14 04:11:40,191 - INFO -    Batch of 20000 rows sent to produtos (WRITE_APPEND)
2026-05-14 04:11:49,015 - INFO -    Batch of 20000 rows sent to produtos (WRITE_APPEND)
2026-05-14 04:11:57,564 - INFO -    Batch of 20000 rows sent to produtos (WRITE_APPEND)
2026-05-14 04:12:07,032 - INFO -    Batch of 20000 rows sent to produtos (WRITE_APPEND)
2026-05-14 04:12:16,753 - INFO -    Batch of 20000 rows sent to produtos (WRITE_APPEND)
2026-05-14 04:12:26,512 - INFO -    Batch of 20000 rows sent to produtos (WRITE_APPEND)
2026-05-14 04:12:35,921 - INFO -    Batch of 20000 rows sent to produtos (WRITE_APPEND)
2026-05-14 04:12:44,378 - INFO -    Batch of 20000 rows sent to produtos (WRITE_APPEND)
2026-05-14 04:12:52,882 - INFO -    Batch of 20000 rows sent to produtos (WRITE_APPEND)
2026-05-14 04:13:01,282 - INFO -    Batch of 20000 rows sent to produtos (WRITE_APPEND)
2026-05-14 04:13:10,954 - INFO -    Batch of 20000 rows sent to produtos (WRITE_APPEND)
2026-05-14 04:13:20,828 - INFO -    Batch of 20000 rows sent to produtos (WRITE_APPEND)
2026-05-14 04:13:29,367 - INFO -    Batch of 20000 rows sent to produtos (WRITE_APPEND)
2026-05-14 04:13:37,748 - INFO -    Batch of 20000 rows sent to produtos (WRITE_APPEND)
2026-05-14 04:13:46,961 - INFO -    Batch of 20000 rows sent to produtos (WRITE_APPEND)
2026-05-14 04:13:55,019 - INFO -    Batch of 20000 rows sent to produtos (WRITE_APPEND)
2026-05-14 04:14:04,301 - INFO -    Batch of 20000 rows sent to produtos (WRITE_APPEND)
2026-05-14 04:14:10,582 - INFO -    Batch of 11365 rows sent to produtos (WRITE_APPEND)
2026-05-14 04:14:10,592 - INFO -  SUCCESS: produtos successfully completed.
2026-05-14 04:14:10,592 - INFO -  >>> STARTING JOB: dw_fat.Representante (Attempt 1/3)
/root/portfolio-ae/ingestion/ingestao_cache.py:99: UserWarning: pandas only supports SQLAlchemy connectable (engine/connection) or database string URI or sqlite3 DBAPI2 connection. Other DBAPI2 objects are not tested. Please consider using SQLAlchemy.
  df_iter = pd.read_sql(query, cache_conn, chunksize=chunk_size)
2026-05-14 04:14:13,872 - INFO -    Batch of 1872 rows sent to representantes (WRITE_TRUNCATE)
2026-05-14 04:14:13,873 - INFO -  SUCCESS: representantes successfully completed.
2026-05-14 04:14:13,873 - INFO -  >>> STARTING JOB: dw_ped.Pedido (Attempt 1/3)
/root/portfolio-ae/ingestion/ingestao_cache.py:99: UserWarning: pandas only supports SQLAlchemy connectable (engine/connection) or database string URI or sqlite3 DBAPI2 connection. Other DBAPI2 objects are not tested. Please consider using SQLAlchemy.
  df_iter = pd.read_sql(query, cache_conn, chunksize=chunk_size)
2026-05-14 04:14:22,063 - INFO -    Batch of 20000 rows sent to pedidos (WRITE_TRUNCATE)
2026-05-14 04:14:29,292 - INFO -    Batch of 20000 rows sent to pedidos (WRITE_APPEND)
2026-05-14 04:14:36,793 - INFO -    Batch of 20000 rows sent to pedidos (WRITE_APPEND)
2026-05-14 04:14:43,499 - INFO -    Batch of 14848 rows sent to pedidos (WRITE_APPEND)
2026-05-14 04:14:43,513 - INFO -  SUCCESS: pedidos successfully completed.
2026-05-14 04:14:43,513 - INFO -  >>> STARTING JOB: dw_cre.ContasReceber (Attempt 1/3)
/root/portfolio-ae/ingestion/ingestao_cache.py:99: UserWarning: pandas only supports SQLAlchemy connectable (engine/connection) or database string URI or sqlite3 DBAPI2 connection. Other DBAPI2 objects are not tested. Please consider using SQLAlchemy.
  df_iter = pd.read_sql(query, cache_conn, chunksize=chunk_size)
2026-05-14 04:14:49,032 - INFO -    Batch of 10000 rows sent to contas_receber (WRITE_TRUNCATE)
2026-05-14 04:14:54,201 - INFO -    Batch of 10000 rows sent to contas_receber (WRITE_APPEND)
2026-05-14 04:14:59,377 - INFO -    Batch of 10000 rows sent to contas_receber (WRITE_APPEND)
2026-05-14 04:15:04,516 - INFO -    Batch of 10000 rows sent to contas_receber (WRITE_APPEND)
2026-05-14 04:15:09,318 - INFO -    Batch of 10000 rows sent to contas_receber (WRITE_APPEND)
2026-05-14 04:15:14,364 - INFO -    Batch of 10000 rows sent to contas_receber (WRITE_APPEND)
2026-05-14 04:15:19,586 - INFO -    Batch of 10000 rows sent to contas_receber (WRITE_APPEND)
2026-05-14 04:15:24,740 - INFO -    Batch of 10000 rows sent to contas_receber (WRITE_APPEND)
2026-05-14 04:15:30,375 - INFO -    Batch of 10000 rows sent to contas_receber (WRITE_APPEND)
2026-05-14 04:15:36,782 - INFO -    Batch of 10000 rows sent to contas_receber (WRITE_APPEND)
2026-05-14 04:15:41,695 - INFO -    Batch of 10000 rows sent to contas_receber (WRITE_APPEND)
2026-05-14 04:15:46,689 - INFO -    Batch of 10000 rows sent to contas_receber (WRITE_APPEND)
2026-05-14 04:15:51,907 - INFO -    Batch of 10000 rows sent to contas_receber (WRITE_APPEND)
2026-05-14 04:15:57,541 - INFO -    Batch of 10000 rows sent to contas_receber (WRITE_APPEND)
2026-05-14 04:16:02,578 - INFO -    Batch of 10000 rows sent to contas_receber (WRITE_APPEND)
2026-05-14 04:16:07,489 - INFO -    Batch of 10000 rows sent to contas_receber (WRITE_APPEND)
2026-05-14 04:16:12,341 - INFO -    Batch of 10000 rows sent to contas_receber (WRITE_APPEND)
2026-05-14 04:16:17,864 - INFO -    Batch of 10000 rows sent to contas_receber (WRITE_APPEND)
2026-05-14 04:16:22,331 - INFO -    Batch of 10000 rows sent to contas_receber (WRITE_APPEND)
2026-05-14 04:16:25,502 - INFO -    Batch of 6780 rows sent to contas_receber (WRITE_APPEND)
2026-05-14 04:16:25,509 - INFO -  SUCCESS: contas_receber successfully completed.
2026-05-14 04:16:25,509 - INFO -  >>> STARTING JOB: dw_est.EstoqueProduto (Attempt 1/3)
/root/portfolio-ae/ingestion/ingestao_cache.py:99: UserWarning: pandas only supports SQLAlchemy connectable (engine/connection) or database string URI or sqlite3 DBAPI2 connection. Other DBAPI2 objects are not tested. Please consider using SQLAlchemy.
  df_iter = pd.read_sql(query, cache_conn, chunksize=chunk_size)
2026-05-14 04:16:28,197 - INFO -    Batch of 10000 rows sent to estoque_produto (WRITE_TRUNCATE)
2026-05-14 04:16:30,561 - INFO -    Batch of 10000 rows sent to estoque_produto (WRITE_APPEND)
2026-05-14 04:16:35,063 - INFO -    Batch of 10000 rows sent to estoque_produto (WRITE_APPEND)
2026-05-14 04:16:38,716 - INFO -    Batch of 10000 rows sent to estoque_produto (WRITE_APPEND)
2026-05-14 04:16:41,775 - INFO -    Batch of 10000 rows sent to estoque_produto (WRITE_APPEND)
2026-05-14 04:16:45,420 - INFO -    Batch of 10000 rows sent to estoque_produto (WRITE_APPEND)
2026-05-14 04:16:49,157 - INFO -    Batch of 10000 rows sent to estoque_produto (WRITE_APPEND)
2026-05-14 04:16:52,178 - INFO -    Batch of 10000 rows sent to estoque_produto (WRITE_APPEND)
2026-05-14 04:16:55,440 - INFO -    Batch of 10000 rows sent to estoque_produto (WRITE_APPEND)
2026-05-14 04:16:58,522 - INFO -    Batch of 10000 rows sent to estoque_produto (WRITE_APPEND)
2026-05-14 04:17:01,492 - INFO -    Batch of 10000 rows sent to estoque_produto (WRITE_APPEND)
2026-05-14 04:17:04,098 - INFO -    Batch of 10000 rows sent to estoque_produto (WRITE_APPEND)
2026-05-14 04:17:08,815 - INFO -    Batch of 10000 rows sent to estoque_produto (WRITE_APPEND)
2026-05-14 04:17:11,706 - INFO -    Batch of 10000 rows sent to estoque_produto (WRITE_APPEND)
2026-05-14 04:17:14,845 - INFO -    Batch of 10000 rows sent to estoque_produto (WRITE_APPEND)
2026-05-14 04:17:20,482 - INFO -    Batch of 10000 rows sent to estoque_produto (WRITE_APPEND)
2026-05-14 04:17:22,910 - INFO -    Batch of 10000 rows sent to estoque_produto (WRITE_APPEND)
2026-05-14 04:17:25,946 - INFO -    Batch of 10000 rows sent to estoque_produto (WRITE_APPEND)
2026-05-14 04:17:29,128 - INFO -    Batch of 10000 rows sent to estoque_produto (WRITE_APPEND)
2026-05-14 04:17:31,873 - INFO -    Batch of 10000 rows sent to estoque_produto (WRITE_APPEND)
2026-05-14 04:17:35,091 - INFO -    Batch of 10000 rows sent to estoque_produto (WRITE_APPEND)
2026-05-14 04:17:37,721 - INFO -    Batch of 10000 rows sent to estoque_produto (WRITE_APPEND)
2026-05-14 04:17:40,493 - INFO -    Batch of 10000 rows sent to estoque_produto (WRITE_APPEND)
2026-05-14 04:17:44,359 - INFO -    Batch of 7940 rows sent to estoque_produto (WRITE_APPEND)
2026-05-14 04:17:44,361 - INFO -  SUCCESS: estoque_produto successfully completed.
2026-05-14 04:17:44,362 - INFO -  GENERAL PROCESS COMPLETED. Duration: 17.63 min.
2026-05-15 04:00:06,476 - INFO - Starting Ingestion Engine: Caché -> BigQuery RAW
2026-05-15 04:00:06,653 - INFO -  >>> STARTING JOB: dw_fat.Cliente (Attempt 1/3)
/root/portfolio-ae/ingestion/ingestao_cache.py:99: UserWarning: pandas only supports SQLAlchemy connectable (engine/connection) or database string URI or sqlite3 DBAPI2 connection. Other DBAPI2 objects are not tested. Please consider using SQLAlchemy.
  df_iter = pd.read_sql(query, cache_conn, chunksize=chunk_size)
2026-05-15 04:00:19,916 - INFO -    Batch of 20000 rows sent to clientes (WRITE_TRUNCATE)
2026-05-15 04:00:28,244 - INFO -    Batch of 20000 rows sent to clientes (WRITE_APPEND)
2026-05-15 04:00:39,506 - INFO -    Batch of 20000 rows sent to clientes (WRITE_APPEND)
2026-05-15 04:00:47,030 - INFO -    Batch of 20000 rows sent to clientes (WRITE_APPEND)
2026-05-15 04:00:52,545 - INFO -    Batch of 8533 rows sent to clientes (WRITE_APPEND)
2026-05-15 04:00:52,550 - INFO -  SUCCESS: clientes successfully completed.
2026-05-15 04:00:52,550 - INFO -  >>> STARTING JOB: dw_cad.Produto (Attempt 1/3)
/root/portfolio-ae/ingestion/ingestao_cache.py:99: UserWarning: pandas only supports SQLAlchemy connectable (engine/connection) or database string URI or sqlite3 DBAPI2 connection. Other DBAPI2 objects are not tested. Please consider using SQLAlchemy.
  df_iter = pd.read_sql(query, cache_conn, chunksize=chunk_size)
2026-05-15 04:01:03,804 - INFO -    Batch of 20000 rows sent to produtos (WRITE_TRUNCATE)
2026-05-15 04:01:14,288 - INFO -    Batch of 20000 rows sent to produtos (WRITE_APPEND)
2026-05-15 04:01:24,150 - INFO -    Batch of 20000 rows sent to produtos (WRITE_APPEND)
2026-05-15 04:01:32,830 - INFO -    Batch of 20000 rows sent to produtos (WRITE_APPEND)
2026-05-15 04:01:41,274 - INFO -    Batch of 20000 rows sent to produtos (WRITE_APPEND)
2026-05-15 04:01:48,808 - INFO -    Batch of 20000 rows sent to produtos (WRITE_APPEND)
2026-05-15 04:01:57,693 - INFO -    Batch of 20000 rows sent to produtos (WRITE_APPEND)
2026-05-15 04:02:07,575 - INFO -    Batch of 20000 rows sent to produtos (WRITE_APPEND)
2026-05-15 04:02:18,207 - INFO -    Batch of 20000 rows sent to produtos (WRITE_APPEND)
2026-05-15 04:02:27,368 - INFO -    Batch of 20000 rows sent to produtos (WRITE_APPEND)
2026-05-15 04:02:35,770 - INFO -    Batch of 20000 rows sent to produtos (WRITE_APPEND)
2026-05-15 04:02:43,401 - INFO -    Batch of 20000 rows sent to produtos (WRITE_APPEND)
2026-05-15 04:02:52,299 - INFO -    Batch of 20000 rows sent to produtos (WRITE_APPEND)
2026-05-15 04:03:00,596 - INFO -    Batch of 20000 rows sent to produtos (WRITE_APPEND)
2026-05-15 04:03:09,894 - INFO -    Batch of 20000 rows sent to produtos (WRITE_APPEND)
2026-05-15 04:03:20,352 - INFO -    Batch of 20000 rows sent to produtos (WRITE_APPEND)
2026-05-15 04:03:29,975 - INFO -    Batch of 20000 rows sent to produtos (WRITE_APPEND)
2026-05-15 04:03:38,757 - INFO -    Batch of 20000 rows sent to produtos (WRITE_APPEND)
2026-05-15 04:03:48,719 - INFO -    Batch of 20000 rows sent to produtos (WRITE_APPEND)
2026-05-15 04:03:57,660 - INFO -    Batch of 20000 rows sent to produtos (WRITE_APPEND)
2026-05-15 04:04:09,104 - INFO -    Batch of 20000 rows sent to produtos (WRITE_APPEND)
2026-05-15 04:04:16,918 - INFO -    Batch of 20000 rows sent to produtos (WRITE_APPEND)
2026-05-15 04:04:24,666 - INFO -    Batch of 20000 rows sent to produtos (WRITE_APPEND)
2026-05-15 04:04:32,514 - INFO -    Batch of 20000 rows sent to produtos (WRITE_APPEND)
2026-05-15 04:04:39,946 - INFO -    Batch of 20000 rows sent to produtos (WRITE_APPEND)
2026-05-15 04:04:48,165 - INFO -    Batch of 20000 rows sent to produtos (WRITE_APPEND)
2026-05-15 04:04:56,041 - INFO -    Batch of 20000 rows sent to produtos (WRITE_APPEND)
2026-05-15 04:05:05,369 - INFO -    Batch of 20000 rows sent to produtos (WRITE_APPEND)
2026-05-15 04:05:14,359 - INFO -    Batch of 20000 rows sent to produtos (WRITE_APPEND)
2026-05-15 04:05:23,412 - INFO -    Batch of 20000 rows sent to produtos (WRITE_APPEND)
2026-05-15 04:05:31,461 - INFO -    Batch of 20000 rows sent to produtos (WRITE_APPEND)
2026-05-15 04:05:40,902 - INFO -    Batch of 20000 rows sent to produtos (WRITE_APPEND)
2026-05-15 04:05:48,519 - INFO -    Batch of 20000 rows sent to produtos (WRITE_APPEND)
2026-05-15 04:05:55,814 - INFO -    Batch of 20000 rows sent to produtos (WRITE_APPEND)
2026-05-15 04:06:04,143 - INFO -    Batch of 20000 rows sent to produtos (WRITE_APPEND)
2026-05-15 04:06:13,338 - INFO -    Batch of 20000 rows sent to produtos (WRITE_APPEND)
2026-05-15 04:06:21,559 - INFO -    Batch of 20000 rows sent to produtos (WRITE_APPEND)
2026-05-15 04:06:28,692 - INFO -    Batch of 20000 rows sent to produtos (WRITE_APPEND)
2026-05-15 04:06:35,679 - INFO -    Batch of 20000 rows sent to produtos (WRITE_APPEND)
2026-05-15 04:06:44,007 - INFO -    Batch of 20000 rows sent to produtos (WRITE_APPEND)
2026-05-15 04:06:51,246 - INFO -    Batch of 20000 rows sent to produtos (WRITE_APPEND)
2026-05-15 04:06:59,850 - INFO -    Batch of 20000 rows sent to produtos (WRITE_APPEND)
2026-05-15 04:07:09,892 - INFO -    Batch of 20000 rows sent to produtos (WRITE_APPEND)
2026-05-15 04:07:18,121 - INFO -    Batch of 20000 rows sent to produtos (WRITE_APPEND)
2026-05-15 04:07:27,594 - INFO -    Batch of 20000 rows sent to produtos (WRITE_APPEND)
2026-05-15 04:07:36,041 - INFO -    Batch of 20000 rows sent to produtos (WRITE_APPEND)
2026-05-15 04:07:53,909 - INFO -    Batch of 20000 rows sent to produtos (WRITE_APPEND)
2026-05-15 04:08:01,401 - INFO -    Batch of 20000 rows sent to produtos (WRITE_APPEND)
2026-05-15 04:08:11,976 - INFO -    Batch of 20000 rows sent to produtos (WRITE_APPEND)
2026-05-15 04:08:20,850 - INFO -    Batch of 20000 rows sent to produtos (WRITE_APPEND)
2026-05-15 04:08:28,639 - INFO -    Batch of 20000 rows sent to produtos (WRITE_APPEND)
2026-05-15 04:08:37,992 - INFO -    Batch of 20000 rows sent to produtos (WRITE_APPEND)
2026-05-15 04:08:47,581 - INFO -    Batch of 20000 rows sent to produtos (WRITE_APPEND)
2026-05-15 04:08:56,881 - INFO -    Batch of 20000 rows sent to produtos (WRITE_APPEND)
2026-05-15 04:09:05,106 - INFO -    Batch of 20000 rows sent to produtos (WRITE_APPEND)
2026-05-15 04:09:13,852 - INFO -    Batch of 20000 rows sent to produtos (WRITE_APPEND)
2026-05-15 04:09:22,832 - INFO -    Batch of 20000 rows sent to produtos (WRITE_APPEND)
2026-05-15 04:09:30,493 - INFO -    Batch of 20000 rows sent to produtos (WRITE_APPEND)
2026-05-15 04:09:38,846 - INFO -    Batch of 20000 rows sent to produtos (WRITE_APPEND)
2026-05-15 04:09:47,950 - INFO -    Batch of 20000 rows sent to produtos (WRITE_APPEND)
2026-05-15 04:09:57,418 - INFO -    Batch of 20000 rows sent to produtos (WRITE_APPEND)
2026-05-15 04:10:07,189 - INFO -    Batch of 20000 rows sent to produtos (WRITE_APPEND)
2026-05-15 04:10:15,696 - INFO -    Batch of 20000 rows sent to produtos (WRITE_APPEND)
2026-05-15 04:10:24,807 - INFO -    Batch of 20000 rows sent to produtos (WRITE_APPEND)
2026-05-15 04:10:35,085 - INFO -    Batch of 20000 rows sent to produtos (WRITE_APPEND)
2026-05-15 04:10:42,364 - INFO -    Batch of 20000 rows sent to produtos (WRITE_APPEND)
2026-05-15 04:10:50,331 - INFO -    Batch of 20000 rows sent to produtos (WRITE_APPEND)
2026-05-15 04:10:59,193 - INFO -    Batch of 20000 rows sent to produtos (WRITE_APPEND)
2026-05-15 04:11:09,079 - INFO -    Batch of 20000 rows sent to produtos (WRITE_APPEND)
2026-05-15 04:11:17,472 - INFO -    Batch of 20000 rows sent to produtos (WRITE_APPEND)
2026-05-15 04:11:26,584 - INFO -    Batch of 20000 rows sent to produtos (WRITE_APPEND)
2026-05-15 04:11:34,628 - INFO -    Batch of 20000 rows sent to produtos (WRITE_APPEND)
2026-05-15 04:11:43,439 - INFO -    Batch of 20000 rows sent to produtos (WRITE_APPEND)
2026-05-15 04:11:52,243 - INFO -    Batch of 20000 rows sent to produtos (WRITE_APPEND)
2026-05-15 04:12:00,243 - INFO -    Batch of 20000 rows sent to produtos (WRITE_APPEND)
2026-05-15 04:12:10,378 - INFO -    Batch of 20000 rows sent to produtos (WRITE_APPEND)
2026-05-15 04:12:18,432 - INFO -    Batch of 20000 rows sent to produtos (WRITE_APPEND)
2026-05-15 04:12:26,823 - INFO -    Batch of 20000 rows sent to produtos (WRITE_APPEND)
2026-05-15 04:12:34,930 - INFO -    Batch of 20000 rows sent to produtos (WRITE_APPEND)
2026-05-15 04:12:45,854 - INFO -    Batch of 20000 rows sent to produtos (WRITE_APPEND)
2026-05-15 04:12:53,726 - INFO -    Batch of 20000 rows sent to produtos (WRITE_APPEND)
2026-05-15 04:13:01,496 - INFO -    Batch of 20000 rows sent to produtos (WRITE_APPEND)
2026-05-15 04:13:10,918 - INFO -    Batch of 20000 rows sent to produtos (WRITE_APPEND)
2026-05-15 04:13:19,171 - INFO -    Batch of 20000 rows sent to produtos (WRITE_APPEND)
2026-05-15 04:13:26,416 - INFO -    Batch of 20000 rows sent to produtos (WRITE_APPEND)
2026-05-15 04:13:33,980 - INFO -    Batch of 20000 rows sent to produtos (WRITE_APPEND)
2026-05-15 04:13:43,062 - INFO -    Batch of 20000 rows sent to produtos (WRITE_APPEND)
2026-05-15 04:13:49,125 - INFO -    Batch of 11365 rows sent to produtos (WRITE_APPEND)
2026-05-15 04:13:49,136 - INFO -  SUCCESS: produtos successfully completed.
2026-05-15 04:13:49,136 - INFO -  >>> STARTING JOB: dw_fat.Representante (Attempt 1/3)
/root/portfolio-ae/ingestion/ingestao_cache.py:99: UserWarning: pandas only supports SQLAlchemy connectable (engine/connection) or database string URI or sqlite3 DBAPI2 connection. Other DBAPI2 objects are not tested. Please consider using SQLAlchemy.
  df_iter = pd.read_sql(query, cache_conn, chunksize=chunk_size)
2026-05-15 04:13:52,306 - INFO -    Batch of 1872 rows sent to representantes (WRITE_TRUNCATE)
2026-05-15 04:13:52,307 - INFO -  SUCCESS: representantes successfully completed.
2026-05-15 04:13:52,307 - INFO -  >>> STARTING JOB: dw_ped.Pedido (Attempt 1/3)
/root/portfolio-ae/ingestion/ingestao_cache.py:99: UserWarning: pandas only supports SQLAlchemy connectable (engine/connection) or database string URI or sqlite3 DBAPI2 connection. Other DBAPI2 objects are not tested. Please consider using SQLAlchemy.
  df_iter = pd.read_sql(query, cache_conn, chunksize=chunk_size)
2026-05-15 04:14:00,001 - INFO -    Batch of 20000 rows sent to pedidos (WRITE_TRUNCATE)
2026-05-15 04:14:01,260 - WARNING -  Attempt 1 failed for pedidos: 'utf-16-le' codec can't decode bytes in position 418-419: illegal encoding
2026-05-15 04:14:01,260 - INFO -  Waiting 10s to retry...
2026-05-15 04:14:11,276 - INFO -  >>> STARTING JOB: dw_ped.Pedido (Attempt 2/3)
/root/portfolio-ae/ingestion/ingestao_cache.py:99: UserWarning: pandas only supports SQLAlchemy connectable (engine/connection) or database string URI or sqlite3 DBAPI2 connection. Other DBAPI2 objects are not tested. Please consider using SQLAlchemy.
  df_iter = pd.read_sql(query, cache_conn, chunksize=chunk_size)
2026-05-15 04:14:17,849 - INFO -    Batch of 20000 rows sent to pedidos (WRITE_TRUNCATE)
2026-05-15 04:14:18,657 - WARNING -  Attempt 2 failed for pedidos: 'utf-16-le' codec can't decode bytes in position 418-419: illegal encoding
2026-05-15 04:14:18,657 - INFO -  Waiting 10s to retry...
2026-05-15 04:14:28,673 - INFO -  >>> STARTING JOB: dw_ped.Pedido (Attempt 3/3)
/root/portfolio-ae/ingestion/ingestao_cache.py:99: UserWarning: pandas only supports SQLAlchemy connectable (engine/connection) or database string URI or sqlite3 DBAPI2 connection. Other DBAPI2 objects are not tested. Please consider using SQLAlchemy.
  df_iter = pd.read_sql(query, cache_conn, chunksize=chunk_size)
2026-05-15 04:14:35,716 - INFO -    Batch of 20000 rows sent to pedidos (WRITE_TRUNCATE)
2026-05-15 04:14:37,706 - WARNING -  Attempt 3 failed for pedidos: 'utf-16-le' codec can't decode bytes in position 426-427: illegal encoding
2026-05-15 04:14:37,706 - ERROR -  !!! CRITICAL: Job pedidos failed after 3 attempts.
2026-05-15 04:14:37,722 - INFO -  >>> STARTING JOB: dw_cre.ContasReceber (Attempt 1/3)
/root/portfolio-ae/ingestion/ingestao_cache.py:99: UserWarning: pandas only supports SQLAlchemy connectable (engine/connection) or database string URI or sqlite3 DBAPI2 connection. Other DBAPI2 objects are not tested. Please consider using SQLAlchemy.
  df_iter = pd.read_sql(query, cache_conn, chunksize=chunk_size)
2026-05-15 04:14:43,049 - INFO -    Batch of 10000 rows sent to contas_receber (WRITE_TRUNCATE)
2026-05-15 04:14:47,655 - INFO -    Batch of 10000 rows sent to contas_receber (WRITE_APPEND)
2026-05-15 04:14:52,068 - INFO -    Batch of 10000 rows sent to contas_receber (WRITE_APPEND)
2026-05-15 04:14:58,095 - INFO -    Batch of 10000 rows sent to contas_receber (WRITE_APPEND)
2026-05-15 04:15:02,112 - INFO -    Batch of 10000 rows sent to contas_receber (WRITE_APPEND)
2026-05-15 04:15:07,365 - INFO -    Batch of 10000 rows sent to contas_receber (WRITE_APPEND)
2026-05-15 04:15:11,535 - INFO -    Batch of 10000 rows sent to contas_receber (WRITE_APPEND)
2026-05-15 04:15:15,858 - INFO -    Batch of 10000 rows sent to contas_receber (WRITE_APPEND)
2026-05-15 04:15:20,757 - INFO -    Batch of 10000 rows sent to contas_receber (WRITE_APPEND)
2026-05-15 04:15:25,611 - INFO -    Batch of 10000 rows sent to contas_receber (WRITE_APPEND)
2026-05-15 04:15:29,553 - INFO -    Batch of 10000 rows sent to contas_receber (WRITE_APPEND)
2026-05-15 04:15:33,878 - INFO -    Batch of 10000 rows sent to contas_receber (WRITE_APPEND)
2026-05-15 04:15:37,753 - INFO -    Batch of 10000 rows sent to contas_receber (WRITE_APPEND)
2026-05-15 04:15:42,371 - INFO -    Batch of 10000 rows sent to contas_receber (WRITE_APPEND)
2026-05-15 04:15:46,398 - INFO -    Batch of 10000 rows sent to contas_receber (WRITE_APPEND)
2026-05-15 04:15:51,002 - INFO -    Batch of 10000 rows sent to contas_receber (WRITE_APPEND)
2026-05-15 04:15:55,574 - INFO -    Batch of 10000 rows sent to contas_receber (WRITE_APPEND)
2026-05-15 04:16:00,301 - INFO -    Batch of 10000 rows sent to contas_receber (WRITE_APPEND)
2026-05-15 04:16:04,794 - INFO -    Batch of 10000 rows sent to contas_receber (WRITE_APPEND)
2026-05-15 04:16:08,583 - INFO -    Batch of 6941 rows sent to contas_receber (WRITE_APPEND)
2026-05-15 04:16:08,595 - INFO -  SUCCESS: contas_receber successfully completed.
2026-05-15 04:16:08,596 - INFO -  >>> STARTING JOB: dw_est.EstoqueProduto (Attempt 1/3)
/root/portfolio-ae/ingestion/ingestao_cache.py:99: UserWarning: pandas only supports SQLAlchemy connectable (engine/connection) or database string URI or sqlite3 DBAPI2 connection. Other DBAPI2 objects are not tested. Please consider using SQLAlchemy.
  df_iter = pd.read_sql(query, cache_conn, chunksize=chunk_size)
2026-05-15 04:16:12,386 - INFO -    Batch of 10000 rows sent to estoque_produto (WRITE_TRUNCATE)
2026-05-15 04:16:15,250 - INFO -    Batch of 10000 rows sent to estoque_produto (WRITE_APPEND)
2026-05-15 04:16:18,496 - INFO -    Batch of 10000 rows sent to estoque_produto (WRITE_APPEND)
2026-05-15 04:16:22,048 - INFO -    Batch of 10000 rows sent to estoque_produto (WRITE_APPEND)
2026-05-15 04:16:25,180 - INFO -    Batch of 10000 rows sent to estoque_produto (WRITE_APPEND)
2026-05-15 04:16:28,104 - INFO -    Batch of 10000 rows sent to estoque_produto (WRITE_APPEND)
2026-05-15 04:16:31,074 - INFO -    Batch of 10000 rows sent to estoque_produto (WRITE_APPEND)
2026-05-15 04:16:35,832 - INFO -    Batch of 10000 rows sent to estoque_produto (WRITE_APPEND)
2026-05-15 04:16:38,431 - INFO -    Batch of 10000 rows sent to estoque_produto (WRITE_APPEND)
2026-05-15 04:16:41,094 - INFO -    Batch of 10000 rows sent to estoque_produto (WRITE_APPEND)
2026-05-15 04:16:44,053 - INFO -    Batch of 10000 rows sent to estoque_produto (WRITE_APPEND)
2026-05-15 04:16:46,983 - INFO -    Batch of 10000 rows sent to estoque_produto (WRITE_APPEND)
2026-05-15 04:16:49,942 - INFO -    Batch of 10000 rows sent to estoque_produto (WRITE_APPEND)
2026-05-15 04:16:52,357 - INFO -    Batch of 10000 rows sent to estoque_produto (WRITE_APPEND)
2026-05-15 04:16:55,753 - INFO -    Batch of 10000 rows sent to estoque_produto (WRITE_APPEND)
2026-05-15 04:16:58,589 - INFO -    Batch of 10000 rows sent to estoque_produto (WRITE_APPEND)
2026-05-15 04:17:01,982 - INFO -    Batch of 10000 rows sent to estoque_produto (WRITE_APPEND)
2026-05-15 04:17:04,730 - INFO -    Batch of 10000 rows sent to estoque_produto (WRITE_APPEND)
2026-05-15 04:17:07,343 - INFO -    Batch of 10000 rows sent to estoque_produto (WRITE_APPEND)
2026-05-15 04:17:10,344 - INFO -    Batch of 10000 rows sent to estoque_produto (WRITE_APPEND)
2026-05-15 04:17:14,074 - INFO -    Batch of 10000 rows sent to estoque_produto (WRITE_APPEND)
2026-05-15 04:17:16,712 - INFO -    Batch of 10000 rows sent to estoque_produto (WRITE_APPEND)
2026-05-15 04:17:20,643 - INFO -    Batch of 10000 rows sent to estoque_produto (WRITE_APPEND)
2026-05-15 04:17:23,530 - INFO -    Batch of 7941 rows sent to estoque_produto (WRITE_APPEND)
2026-05-15 04:17:23,533 - INFO -  SUCCESS: estoque_produto successfully completed.
2026-05-15 04:17:23,533 - INFO -  GENERAL PROCESS COMPLETED. Duration: 17.28 min.
2026-05-15 04:17:23,533 - ERROR -  Attention: 1 jobs failed completely.
